[debug] [2025-11-10T01:52:10.688Z] ----------------------------------------------------------------------
[debug] [2025-11-10T01:52:10.702Z] Command:       C:\Program Files\nodejs\node.exe C:\Users\HP\AppData\Roaming\npm\node_modules\firebase-tools\lib\bin\firebase.js init
[debug] [2025-11-10T01:52:10.704Z] CLI Version:   14.24.1
[debug] [2025-11-10T01:52:10.705Z] Platform:      win32
[debug] [2025-11-10T01:52:10.705Z] Node Version:  v23.7.0
[debug] [2025-11-10T01:52:10.707Z] Time:          Sun Nov 09 2025 21:52:10 GMT-0400 (hora de Bolivia)
[debug] [2025-11-10T01:52:10.707Z] ----------------------------------------------------------------------
[debug] 
[info] 
     ######## #### ########  ######## ########     ###     ######  ########
     ##        ##  ##     ## ##       ##     ##  ##   ##  ##       ##
     ######    ##  ########  ######   ########  #########  ######  ######
     ##        ##  ##    ##  ##       ##     ## ##     ##       ## ##
     ##       #### ##     ## ######## ########  ##     ##  ######  ########

You're about to initialize a Firebase project in this directory:

  C:\Users\HP\Desktop\2-2025\Programacion web 3(133)\P_Pasteleria

[info] 
=== Project Setup
[info] 
[info] First, let's associate this project directory with a Firebase project.
[info] You can create multiple project aliases by running firebase use --add, 
[info] 
[debug] [2025-11-10T01:52:23.189Z] > command requires scopes: ["email","openid","https://www.googleapis.com/auth/cloudplatformprojects.readonly","https://www.googleapis.com/auth/firebase","https://www.googleapis.com/auth/cloud-platform"]
[debug] [2025-11-10T01:52:23.191Z] > authorizing via signed-in user (condorimartinezalexander@gmail.com)
[debug] [2025-11-10T01:52:23.196Z] Checked if tokens are valid: true, expires at: 1762742385753
[debug] [2025-11-10T01:52:23.197Z] Checked if tokens are valid: true, expires at: 1762742385753
[debug] [2025-11-10T01:52:23.203Z] >>> [apiv2][query] GET https://firebase.googleapis.com/v1beta1/projects pageSize=100
[debug] [2025-11-10T01:52:24.254Z] <<< [apiv2][status] GET https://firebase.googleapis.com/v1beta1/projects 200
[debug] [2025-11-10T01:52:24.254Z] <<< [apiv2][body] GET https://firebase.googleapis.com/v1beta1/projects [omitted]
[info] 
=== Firestore Setup
[info] i  firestore: ensuring required API firestore.googleapis.com is enabled... 
[debug] [2025-11-10T01:52:52.810Z] Checked if tokens are valid: true, expires at: 1762742385753
[debug] [2025-11-10T01:52:52.811Z] Checked if tokens are valid: true, expires at: 1762742385753
[debug] [2025-11-10T01:52:52.812Z] >>> [apiv2][query] GET https://firestore.googleapis.com/v1/projects/alx1107-11072000/databases [none]
[debug] [2025-11-10T01:52:53.425Z] <<< [apiv2][status] GET https://firestore.googleapis.com/v1/projects/alx1107-11072000/databases 200
[debug] [2025-11-10T01:52:53.426Z] <<< [apiv2][body] GET https://firestore.googleapis.com/v1/projects/alx1107-11072000/databases {}
[debug] [2025-11-10T01:52:53.426Z] Checked if tokens are valid: true, expires at: 1762742385753
[debug] [2025-11-10T01:52:53.427Z] Checked if tokens are valid: true, expires at: 1762742385753
[debug] [2025-11-10T01:52:53.427Z] >>> [apiv2][query] GET https://firestore.googleapis.com/v1/projects/alx1107-11072000/locations [none]
[debug] [2025-11-10T01:52:53.568Z] <<< [apiv2][status] GET https://firestore.googleapis.com/v1/projects/alx1107-11072000/locations 200
[debug] [2025-11-10T01:52:53.568Z] <<< [apiv2][body] GET https://firestore.googleapis.com/v1/projects/alx1107-11072000/locations {"locations":[{"name":"projects/alx1107-11072000/locations/eur3","labels":{"appengine.googleapis.com/geo":"europe-west","cloud.googleapis.com/location":"eur3","cloud.googleapis.com/geo":"eur3"},"metadata":{"@type":"type.googleapis.com/google.firestore.admin.v1.LocationMetadata"},"locationId":"eur3","displayName":"Europe"},{"name":"projects/alx1107-11072000/locations/nam5","labels":{"appengine.googleapis.com/geo":"us-central","cloud.googleapis.com/location":"nam5","cloud.googleapis.com/geo":"nam5"},"metadata":{"@type":"type.googleapis.com/google.firestore.admin.v1.LocationMetadata"},"locationId":"nam5","displayName":"United States"},{"name":"projects/alx1107-11072000/locations/nam7","labels":{"cloud.googleapis.com/location":"nam7","cloud.googleapis.com/geo":"nam7"},"metadata":{"@type":"type.googleapis.com/google.firestore.admin.v1.LocationMetadata"},"locationId":"nam7","displayName":"United States"},{"name":"projects/alx1107-11072000/locations/africa-south1","labels":{"cloud.googleapis.com/location":"africa-south1","cloud.googleapis.com/region":"africa-south1"},"metadata":{"@type":"type.googleapis.com/google.firestore.admin.v1.LocationMetadata"},"locationId":"africa-south1","displayName":"Johannesburg"},{"name":"projects/alx1107-11072000/locations/asia-east1","labels":{"appengine.googleapis.com/region":"asia-east1","cloud.googleapis.com/location":"asia-east1","cloud.googleapis.com/region":"asia-east1"},"metadata":{"@type":"type.googleapis.com/google.firestore.admin.v1.LocationMetadata"},"locationId":"asia-east1","displayName":"Taiwan"},{"name":"projects/alx1107-11072000/locations/asia-east2","labels":{"appengine.googleapis.com/region":"asia-east2","cloud.googleapis.com/location":"asia-east2","cloud.googleapis.com/region":"asia-east2"},"metadata":{"@type":"type.googleapis.com/google.firestore.admin.v1.LocationMetadata"},"locationId":"asia-east2","displayName":"Hong Kong"},{"name":"projects/alx1107-11072000/locations/asia-northeast1","labels":{"appengine.googleapis.com/region":"asia-northeast1","cloud.googleapis.com/location":"asia-northeast1","cloud.googleapis.com/region":"asia-northeast1"},"metadata":{"@type":"type.googleapis.com/google.firestore.admin.v1.LocationMetadata"},"locationId":"asia-northeast1","displayName":"Tokyo"},{"name":"projects/alx1107-11072000/locations/asia-northeast2","labels":{"appengine.googleapis.com/region":"asia-northeast2","cloud.googleapis.com/location":"asia-northeast2","cloud.googleapis.com/region":"asia-northeast2"},"metadata":{"@type":"type.googleapis.com/google.firestore.admin.v1.LocationMetadata"},"locationId":"asia-northeast2","displayName":"Osaka"},{"name":"projects/alx1107-11072000/locations/asia-northeast3","labels":{"appengine.googleapis.com/region":"asia-northeast3","cloud.googleapis.com/location":"asia-northeast3","cloud.googleapis.com/region":"asia-northeast3"},"metadata":{"@type":"type.googleapis.com/google.firestore.admin.v1.LocationMetadata"},"locationId":"asia-northeast3","displayName":"Seoul"},{"name":"projects/alx1107-11072000/locations/asia-south1","labels":{"appengine.googleapis.com/region":"asia-south1","cloud.googleapis.com/location":"asia-south1","cloud.googleapis.com/region":"asia-south1"},"metadata":{"@type":"type.googleapis.com/google.firestore.admin.v1.LocationMetadata"},"locationId":"asia-south1","displayName":"Mumbai"},{"name":"projects/alx1107-11072000/locations/asia-south2","labels":{"cloud.googleapis.com/location":"asia-south2","cloud.googleapis.com/region":"asia-south2"},"metadata":{"@type":"type.googleapis.com/google.firestore.admin.v1.LocationMetadata"},"locationId":"asia-south2","displayName":"Delhi"},{"name":"projects/alx1107-11072000/locations/asia-southeast1","labels":{"appengine.googleapis.com/region":"asia-southeast1","cloud.googleapis.com/location":"asia-southeast1","cloud.googleapis.com/region":"asia-southeast1"},"metadata":{"@type":"type.googleapis.com/google.firestore.admin.v1.LocationMetadata"},"locationId":"asia-southeast1","displayName":"Singapore"},{"name":"projects/alx1107-11072000/locations/asia-southeast2","labels":{"appengine.googleapis.com/region":"asia-southeast2","cloud.googleapis.com/location":"asia-southeast2","cloud.googleapis.com/region":"asia-southeast2"},"metadata":{"@type":"type.googleapis.com/google.firestore.admin.v1.LocationMetadata"},"locationId":"asia-southeast2","displayName":"Jakarta"},{"name":"projects/alx1107-11072000/locations/australia-southeast1","labels":{"appengine.googleapis.com/region":"australia-southeast1","cloud.googleapis.com/location":"australia-southeast1","cloud.googleapis.com/region":"australia-southeast1"},"metadata":{"@type":"type.googleapis.com/google.firestore.admin.v1.LocationMetadata"},"locationId":"australia-southeast1","displayName":"Sydney"},{"name":"projects/alx1107-11072000/locations/australia-southeast2","labels":{"cloud.googleapis.com/location":"australia-southeast2","cloud.googleapis.com/region":"australia-southeast2"},"metadata":{"@type":"type.googleapis.com/google.firestore.admin.v1.LocationMetadata"},"locationId":"australia-southeast2","displayName":"Melbourne"},{"name":"projects/alx1107-11072000/locations/europe-central2","labels":{"appengine.googleapis.com/region":"europe-central2","cloud.googleapis.com/location":"europe-central2","cloud.googleapis.com/region":"europe-central2"},"metadata":{"@type":"type.googleapis.com/google.firestore.admin.v1.LocationMetadata"},"locationId":"europe-central2","displayName":"Warsaw"},{"name":"projects/alx1107-11072000/locations/europe-north1","labels":{"cloud.googleapis.com/location":"europe-north1","cloud.googleapis.com/region":"europe-north1"},"metadata":{"@type":"type.googleapis.com/google.firestore.admin.v1.LocationMetadata"},"locationId":"europe-north1","displayName":"Finland"},{"name":"projects/alx1107-11072000/locations/europe-north2","labels":{"cloud.googleapis.com/location":"europe-north2","cloud.googleapis.com/region":"europe-north2"},"metadata":{"@type":"type.googleapis.com/google.firestore.admin.v1.LocationMetadata"},"locationId":"europe-north2","displayName":"Stockholm"},{"name":"projects/alx1107-11072000/locations/europe-southwest1","labels":{"cloud.googleapis.com/location":"europe-southwest1","cloud.googleapis.com/region":"europe-southwest1"},"metadata":{"@type":"type.googleapis.com/google.firestore.admin.v1.LocationMetadata"},"locationId":"europe-southwest1","displayName":"Madrid"},{"name":"projects/alx1107-11072000/locations/europe-west1","labels":{"cloud.googleapis.com/location":"europe-west1","cloud.googleapis.com/region":"europe-west1"},"metadata":{"@type":"type.googleapis.com/google.firestore.admin.v1.LocationMetadata"},"locationId":"europe-west1","displayName":"Belgium"},{"name":"projects/alx1107-11072000/locations/europe-west10","labels":{"cloud.googleapis.com/location":"europe-west10","cloud.googleapis.com/region":"europe-west10"},"metadata":{"@type":"type.googleapis.com/google.firestore.admin.v1.LocationMetadata"},"locationId":"europe-west10","displayName":"Berlin"},{"name":"projects/alx1107-11072000/locations/europe-west12","labels":{"cloud.googleapis.com/location":"europe-west12","cloud.googleapis.com/region":"europe-west12"},"metadata":{"@type":"type.googleapis.com/google.firestore.admin.v1.LocationMetadata"},"locationId":"europe-west12","displayName":"Turin"},{"name":"projects/alx1107-11072000/locations/europe-west2","labels":{"appengine.googleapis.com/region":"europe-west2","cloud.googleapis.com/location":"europe-west2","cloud.googleapis.com/region":"europe-west2"},"metadata":{"@type":"type.googleapis.com/google.firestore.admin.v1.LocationMetadata"},"locationId":"europe-west2","displayName":"London"},{"name":"projects/alx1107-11072000/locations/europe-west3","labels":{"appengine.googleapis.com/region":"europe-west3","cloud.googleapis.com/location":"europe-west3","cloud.googleapis.com/region":"europe-west3"},"metadata":{"@type":"type.googleapis.com/google.firestore.admin.v1.LocationMetadata"},"locationId":"europe-west3","displayName":"Frankfurt"},{"name":"projects/alx1107-11072000/locations/europe-west4","labels":{"cloud.googleapis.com/location":"europe-west4","cloud.googleapis.com/region":"europe-west4"},"metadata":{"@type":"type.googleapis.com/google.firestore.admin.v1.LocationMetadata"},"locationId":"europe-west4","displayName":"Netherlands"},{"name":"projects/alx1107-11072000/locations/europe-west6","labels":{"appengine.googleapis.com/region":"europe-west6","cloud.googleapis.com/location":"europe-west6","cloud.googleapis.com/region":"europe-west6"},"metadata":{"@type":"type.googleapis.com/google.firestore.admin.v1.LocationMetadata"},"locationId":"europe-west6","displayName":"Zurich"},{"name":"projects/alx1107-11072000/locations/europe-west8","labels":{"cloud.googleapis.com/location":"europe-west8","cloud.googleapis.com/region":"europe-west8"},"metadata":{"@type":"type.googleapis.com/google.firestore.admin.v1.LocationMetadata"},"locationId":"europe-west8","displayName":"Milan"},{"name":"projects/alx1107-11072000/locations/europe-west9","labels":{"cloud.googleapis.com/location":"europe-west9","cloud.googleapis.com/region":"europe-west9"},"metadata":{"@type":"type.googleapis.com/google.firestore.admin.v1.LocationMetadata"},"locationId":"europe-west9","displayName":"Paris"},{"name":"projects/alx1107-11072000/locations/me-central1","labels":{"cloud.googleapis.com/location":"me-central1","cloud.googleapis.com/region":"me-central1"},"metadata":{"@type":"type.googleapis.com/google.firestore.admin.v1.LocationMetadata"},"locationId":"me-central1","displayName":"Doha"},{"name":"projects/alx1107-11072000/locations/me-central2","labels":{"cloud.googleapis.com/location":"me-central2","cloud.googleapis.com/region":"me-central2"},"metadata":{"@type":"type.googleapis.com/google.firestore.admin.v1.LocationMetadata"},"locationId":"me-central2","displayName":"Dammam"},{"name":"projects/alx1107-11072000/locations/me-west1","labels":{"cloud.googleapis.com/location":"me-west1","cloud.googleapis.com/region":"me-west1"},"metadata":{"@type":"type.googleapis.com/google.firestore.admin.v1.LocationMetadata"},"locationId":"me-west1","displayName":"Tel Aviv"},{"name":"projects/alx1107-11072000/locations/northamerica-northeast1","labels":{"appengine.googleapis.com/region":"northamerica-northeast1","cloud.googleapis.com/location":"northamerica-northeast1","cloud.googleapis.com/region":"northamerica-northeast1"},"metadata":{"@type":"type.googleapis.com/google.firestore.admin.v1.LocationMetadata"},"locationId":"northamerica-northeast1","displayName":"Montréal"},{"name":"projects/alx1107-11072000/locations/northamerica-northeast2","labels":{"cloud.googleapis.com/location":"northamerica-northeast2","cloud.googleapis.com/region":"northamerica-northeast2"},"metadata":{"@type":"type.googleapis.com/google.firestore.admin.v1.LocationMetadata"},"locationId":"northamerica-northeast2","displayName":"Toronto"},{"name":"projects/alx1107-11072000/locations/northamerica-south1","labels":{"cloud.googleapis.com/location":"northamerica-south1","cloud.googleapis.com/region":"northamerica-south1"},"metadata":{"@type":"type.googleapis.com/google.firestore.admin.v1.LocationMetadata"},"locationId":"northamerica-south1","displayName":"Mexico"},{"name":"projects/alx1107-11072000/locations/southamerica-east1","labels":{"appengine.googleapis.com/region":"southamerica-east1","cloud.googleapis.com/location":"southamerica-east1","cloud.googleapis.com/region":"southamerica-east1"},"metadata":{"@type":"type.googleapis.com/google.firestore.admin.v1.LocationMetadata"},"locationId":"southamerica-east1","displayName":"São Paulo"},{"name":"projects/alx1107-11072000/locations/southamerica-west1","labels":{"cloud.googleapis.com/location":"southamerica-west1","cloud.googleapis.com/region":"southamerica-west1"},"metadata":{"@type":"type.googleapis.com/google.firestore.admin.v1.LocationMetadata"},"locationId":"southamerica-west1","displayName":"Santiago"},{"name":"projects/alx1107-11072000/locations/us-central1","labels":{"cloud.googleapis.com/location":"us-central1","cloud.googleapis.com/region":"us-central1"},"metadata":{"@type":"type.googleapis.com/google.firestore.admin.v1.LocationMetadata"},"locationId":"us-central1","displayName":"Iowa"},{"name":"projects/alx1107-11072000/locations/us-east1","labels":{"appengine.googleapis.com/region":"us-east1","cloud.googleapis.com/location":"us-east1","cloud.googleapis.com/region":"us-east1"},"metadata":{"@type":"type.googleapis.com/google.firestore.admin.v1.LocationMetadata"},"locationId":"us-east1","displayName":"South Carolina"},{"name":"projects/alx1107-11072000/locations/us-east4","labels":{"appengine.googleapis.com/region":"us-east4","cloud.googleapis.com/location":"us-east4","cloud.googleapis.com/region":"us-east4"},"metadata":{"@type":"type.googleapis.com/google.firestore.admin.v1.LocationMetadata"},"locationId":"us-east4","displayName":"Northern Virginia"},{"name":"projects/alx1107-11072000/locations/us-east5","labels":{"cloud.googleapis.com/location":"us-east5","cloud.googleapis.com/region":"us-east5"},"metadata":{"@type":"type.googleapis.com/google.firestore.admin.v1.LocationMetadata"},"locationId":"us-east5","displayName":"Columbus"},{"name":"projects/alx1107-11072000/locations/us-south1","labels":{"cloud.googleapis.com/location":"us-south1","cloud.googleapis.com/region":"us-south1"},"metadata":{"@type":"type.googleapis.com/google.firestore.admin.v1.LocationMetadata"},"locationId":"us-south1","displayName":"Dallas"},{"name":"projects/alx1107-11072000/locations/us-west1","labels":{"appengine.googleapis.com/region":"us-west1","cloud.googleapis.com/location":"us-west1","cloud.googleapis.com/region":"us-west1"},"metadata":{"@type":"type.googleapis.com/google.firestore.admin.v1.LocationMetadata"},"locationId":"us-west1","displayName":"Oregon"},{"name":"projects/alx1107-11072000/locations/us-west2","labels":{"appengine.googleapis.com/region":"us-west2","cloud.googleapis.com/location":"us-west2","cloud.googleapis.com/region":"us-west2"},"metadata":{"@type":"type.googleapis.com/google.firestore.admin.v1.LocationMetadata"},"locationId":"us-west2","displayName":"Los Angeles"},{"name":"projects/alx1107-11072000/locations/us-west3","labels":{"appengine.googleapis.com/region":"us-west3","cloud.googleapis.com/location":"us-west3","cloud.googleapis.com/region":"us-west3"},"metadata":{"@type":"type.googleapis.com/google.firestore.admin.v1.LocationMetadata"},"locationId":"us-west3","displayName":"Salt Lake City"},{"name":"projects/alx1107-11072000/locations/us-west4","labels":{"appengine.googleapis.com/region":"us-west4","cloud.googleapis.com/location":"us-west4","cloud.googleapis.com/region":"us-west4"},"metadata":{"@type":"type.googleapis.com/google.firestore.admin.v1.LocationMetadata"},"locationId":"us-west4","displayName":"Las Vegas"}]}
[info] 
[info] Firestore Security Rules allow you to define how and when to allow
[info] requests. You can keep these rules in your project directory
[info] and publish them with firebase deploy.
[info] 
[debug] [2025-11-10T01:52:56.462Z] Checked if tokens are valid: true, expires at: 1762742385753
[debug] [2025-11-10T01:52:56.462Z] Checked if tokens are valid: true, expires at: 1762742385753
[debug] [2025-11-10T01:52:56.463Z] >>> [apiv2][query] GET https://firebaserules.googleapis.com/v1/projects/alx1107-11072000/releases pageSize=10&pageToken=
[debug] [2025-11-10T01:52:57.830Z] <<< [apiv2][status] GET https://firebaserules.googleapis.com/v1/projects/alx1107-11072000/releases 200
[debug] [2025-11-10T01:52:57.831Z] <<< [apiv2][body] GET https://firebaserules.googleapis.com/v1/projects/alx1107-11072000/releases {}
[info] 
[info] Firestore indexes allow you to perform complex queries while
[info] maintaining performance that scales with the size of the result
[info] set. You can keep index definitions in your project directory
[info] and publish them with firebase deploy.
[info] 
[debug] [2025-11-10T01:52:58.672Z] Checked if tokens are valid: true, expires at: 1762742385753
[debug] [2025-11-10T01:52:58.672Z] Checked if tokens are valid: true, expires at: 1762742385753
[debug] [2025-11-10T01:52:58.673Z] Checked if tokens are valid: true, expires at: 1762742385753
[debug] [2025-11-10T01:52:58.674Z] Checked if tokens are valid: true, expires at: 1762742385753
[debug] [2025-11-10T01:52:58.675Z] >>> [apiv2][query] GET https://firestore.googleapis.com/v1/projects/alx1107-11072000/databases/(default)/collectionGroups/-/indexes [none]
[debug] [2025-11-10T01:52:58.684Z] >>> [apiv2][query] GET https://firestore.googleapis.com/v1/projects/alx1107-11072000/databases/(default)/collectionGroups/-/fields?filter=indexConfig.usesAncestorConfig=false OR ttlConfig:* [none]
[debug] [2025-11-10T01:52:59.077Z] <<< [apiv2][status] GET https://firestore.googleapis.com/v1/projects/alx1107-11072000/databases/(default)/collectionGroups/-/indexes 404
[debug] [2025-11-10T01:52:59.077Z] <<< [apiv2][body] GET https://firestore.googleapis.com/v1/projects/alx1107-11072000/databases/(default)/collectionGroups/-/indexes {"error":{"code":404,"message":"Project 'alx1107-11072000' or database '(default)' does not exist.","status":"NOT_FOUND"}}
[info] +  Wrote firestore.rules 
[info] +  Wrote firestore.indexes.json 
[info] 
=== Functions Setup
[debug] [2025-11-10T01:52:59.108Z] > command requires scopes: ["email","openid","https://www.googleapis.com/auth/cloudplatformprojects.readonly","https://www.googleapis.com/auth/firebase","https://www.googleapis.com/auth/cloud-platform"]
[debug] [2025-11-10T01:52:59.110Z] > authorizing via signed-in user (condorimartinezalexander@gmail.com)
[debug] [2025-11-10T01:52:59.110Z] [iam] checking project alx1107-11072000 for permissions ["firebase.projects.get"]
[debug] [2025-11-10T01:52:59.111Z] Checked if tokens are valid: true, expires at: 1762742385753
[debug] [2025-11-10T01:52:59.112Z] Checked if tokens are valid: true, expires at: 1762742385753
[debug] [2025-11-10T01:52:59.112Z] >>> [apiv2][query] POST https://cloudresourcemanager.googleapis.com/v1/projects/alx1107-11072000:testIamPermissions [none]
[debug] [2025-11-10T01:52:59.113Z] >>> [apiv2][(partial)header] POST https://cloudresourcemanager.googleapis.com/v1/projects/alx1107-11072000:testIamPermissions x-goog-quota-user=projects/alx1107-11072000
[debug] [2025-11-10T01:52:59.113Z] >>> [apiv2][body] POST https://cloudresourcemanager.googleapis.com/v1/projects/alx1107-11072000:testIamPermissions {"permissions":["firebase.projects.get"]}
[debug] [2025-11-10T01:52:59.128Z] <<< [apiv2][status] GET https://firestore.googleapis.com/v1/projects/alx1107-11072000/databases/(default)/collectionGroups/-/fields?filter=indexConfig.usesAncestorConfig=false OR ttlConfig:* 404
[debug] [2025-11-10T01:52:59.128Z] <<< [apiv2][body] GET https://firestore.googleapis.com/v1/projects/alx1107-11072000/databases/(default)/collectionGroups/-/fields?filter=indexConfig.usesAncestorConfig=false OR ttlConfig:* {"error":{"code":404,"message":"Project 'alx1107-11072000' or database '(default)' does not exist.","status":"NOT_FOUND"}}
[debug] [2025-11-10T01:53:00.732Z] <<< [apiv2][status] POST https://cloudresourcemanager.googleapis.com/v1/projects/alx1107-11072000:testIamPermissions 200
[debug] [2025-11-10T01:53:00.732Z] <<< [apiv2][body] POST https://cloudresourcemanager.googleapis.com/v1/projects/alx1107-11072000:testIamPermissions {"permissions":["firebase.projects.get"]}
[info] Let's create a new codebase for your functions.
[info] A directory corresponding to the codebase will be created in your project
[info] with sample code pre-configured.

[info] See https://firebase.google.com/docs/functions/organize-functions for
[info] more information on organizing your functions using codebases.

[info] Functions can be deployed with firebase deploy.

[info] +  Wrote functions/package.json 
[info] +  Wrote functions/.eslintrc.js 
[info] +  Wrote functions/index.js 
[info] +  Wrote functions/.gitignore 
[info] 
[error] NPM install failed, continuing with Firebase initialization...
[info] 
=== Hosting Setup
[debug] [2025-11-10T01:59:03.945Z] Checked if tokens are valid: true, expires at: 1762742385753
[debug] [2025-11-10T01:59:03.945Z] Checked if tokens are valid: true, expires at: 1762742385753
[debug] [2025-11-10T01:59:03.946Z] >>> [apiv2][query] GET https://firebase.googleapis.com/v1beta1/projects/alx1107-11072000 [none]
[debug] [2025-11-10T01:59:26.397Z] <<< [apiv2][status] GET https://firebase.googleapis.com/v1beta1/projects/alx1107-11072000 200
[debug] [2025-11-10T01:59:26.397Z] <<< [apiv2][body] GET https://firebase.googleapis.com/v1beta1/projects/alx1107-11072000 {"projectId":"alx1107-11072000","projectNumber":"869476397299","displayName":"proyectoPasteleria","name":"projects/alx1107-11072000","resources":{"hostingSite":"alx1107-11072000"},"state":"ACTIVE","etag":"1_bab20ae5-a96c-4092-b8fe-ec149cf8ffd0"}
[info] 
[info] Your public directory is the folder (relative to your project directory) that
[info] will contain Hosting assets to be uploaded with firebase deploy. If you
[info] have a build process for your assets, use your build's output directory.
[info] 
[info] 
[info] i  Didn't detect a .git folder. Assuming C:\Users\HP\Desktop\2-2025\Programacion web 3(133)\P_Pasteleria is the project root. 
[info] i  Authorizing with GitHub to upload your service account to a GitHub repository's secrets store. 
[info] 
[info] Visit this URL on this device to log in:
[info] https://github.com/login/oauth/authorize?client_id=89cf50f02ac6aaed3484&state=900703833&redirect_uri=http%3A%2F%2Flocalhost%3A9005&scope=read%3Auser%20repo%20public_repo
[info] 
[info] Waiting for authentication...
[debug] [2025-11-10T02:02:37.608Z] >>> [apiv2][query] POST https://github.com/login/oauth/access_token [none]
[debug] [2025-11-10T02:02:37.608Z] >>> [apiv2][body] POST https://github.com/login/oauth/access_token [stream]
[debug] [2025-11-10T02:02:38.359Z] <<< [apiv2][status] POST https://github.com/login/oauth/access_token 200
[debug] [2025-11-10T02:02:38.360Z] <<< [apiv2][body] POST https://github.com/login/oauth/access_token {"access_token":"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","token_type":"bearer","scope":"read:user,repo"}
[debug] [2025-11-10T02:02:38.375Z] >>> [apiv2][query] GET https://api.github.com/user [none]
[debug] [2025-11-10T02:02:39.044Z] <<< [apiv2][status] GET https://api.github.com/user 200
[debug] [2025-11-10T02:02:39.044Z] <<< [apiv2][body] GET https://api.github.com/user {"login":"ALX1107","id":134250862,"node_id":"U_kgDOCACBbg","avatar_url":"https://avatars.githubusercontent.com/u/134250862?v=4","gravatar_id":"","url":"https://api.github.com/users/ALX1107","html_url":"https://github.com/ALX1107","followers_url":"https://api.github.com/users/ALX1107/followers","following_url":"https://api.github.com/users/ALX1107/following{/other_user}","gists_url":"https://api.github.com/users/ALX1107/gists{/gist_id}","starred_url":"https://api.github.com/users/ALX1107/starred{/owner}{/repo}","subscriptions_url":"https://api.github.com/users/ALX1107/subscriptions","organizations_url":"https://api.github.com/users/ALX1107/orgs","repos_url":"https://api.github.com/users/ALX1107/repos","events_url":"https://api.github.com/users/ALX1107/events{/privacy}","received_events_url":"https://api.github.com/users/ALX1107/received_events","type":"User","user_view_type":"private","site_admin":false,"name":null,"company":null,"blog":"","location":null,"email":null,"hireable":null,"bio":null,"twitter_username":null,"notification_email":null,"public_repos":10,"public_gists":0,"followers":0,"following":0,"created_at":"2023-05-22T03:38:05Z","updated_at":"2025-11-10T01:36:53Z","private_gists":0,"total_private_repos":1,"owned_private_repos":1,"disk_usage":35449,"collaborators":0,"two_factor_authentication":false,"plan":{"name":"free","space":976562499,"collaborators":0,"private_repos":10000}}
[info] 
[info] +  Success! Logged into GitHub as ALX1107 
[info] 
[debug] [2025-11-10T02:02:48.280Z] >>> [apiv2][query] GET https://api.github.com/repos/user/actions/secrets/public-key type=owner
[debug] [2025-11-10T02:02:48.712Z] <<< [apiv2][status] GET https://api.github.com/repos/user/actions/secrets/public-key 404
[debug] [2025-11-10T02:02:48.712Z] <<< [apiv2][body] GET https://api.github.com/repos/user/actions/secrets/public-key {"message":"Not Found","documentation_url":"https://docs.github.com/rest","status":"404"}
[info] 
[info] 
[error] !  The provided authorization cannot be used with this repository. If this repository is in an organization, did you remember to grant access? 
[info] 
[info] i  Action required: Visit this URL to ensure access has been granted to the appropriate organization(s) for the Firebase CLI GitHub OAuth App: 
[info] https://github.com/settings/connections/applications/89cf50f02ac6aaed3484
[info] 
[debug] [2025-11-10T02:04:02.730Z] >>> [apiv2][query] GET https://api.github.com/repos/user⠋ For which GitHub repository would you like to set up a GitHub workflow? (format: user/repository) user/actions/secrets/public-key type=owner
[debug] [2025-11-10T02:04:03.432Z] <<< [apiv2][status] GET https://api.github.com/repos/user⠋ For which GitHub repository would you like to set up a GitHub workflow? (format: user/repository) user/actions/secrets/public-key 404
[debug] [2025-11-10T02:04:03.433Z] <<< [apiv2][body] GET https://api.github.com/repos/user⠋ For which GitHub repository would you like to set up a GitHub workflow? (format: user/repository) user/actions/secrets/public-key {"message":"Not Found","documentation_url":"https://docs.github.com/rest","status":"404"}
[info] 
[info] 
[error] !  The provided authorization cannot be used with this repository. If this repository is in an organization, did you remember to grant access? 
[info] 
[info] i  Action required: Visit this URL to ensure access has been granted to the appropriate organization(s) for the Firebase CLI GitHub OAuth App: 
[info] https://github.com/settings/connections/applications/89cf50f02ac6aaed3484
[info] 
